<?xml version="1.0" encoding="UTF-8" ?>
<testsuite failures="1" time="0.986" errors="0" skipped="1" tests="4" name="TestSuite">
  <properties>
    <property name="java.runtime.name" value="Java(TM) SE Runtime Environment"/>
    <property name="sun.boot.library.path" value="C:\Program Files (x86)\Java\jdk1.7.0_80\jre\bin"/>
    <property name="java.vm.version" value="24.80-b11"/>
    <property name="java.vm.vendor" value="Oracle Corporation"/>
    <property name="java.vendor.url" value="http://java.oracle.com/"/>
    <property name="path.separator" value=";"/>
    <property name="java.vm.name" value="Java HotSpot(TM) Client VM"/>
    <property name="file.encoding.pkg" value="sun.io"/>
    <property name="user.script" value=""/>
    <property name="user.country" value="CN"/>
    <property name="sun.java.launcher" value="SUN_STANDARD"/>
    <property name="sun.os.patch.level" value="Service Pack 1"/>
    <property name="java.vm.specification.name" value="Java Virtual Machine Specification"/>
    <property name="user.dir" value="D:\MavenNewWorkspace\MavenTestNgDemo"/>
    <property name="java.runtime.version" value="1.7.0_80-b15"/>
    <property name="java.awt.graphicsenv" value="sun.awt.Win32GraphicsEnvironment"/>
    <property name="basedir" value="D:\MavenNewWorkspace\MavenTestNgDemo"/>
    <property name="java.endorsed.dirs" value="C:\Program Files (x86)\Java\jdk1.7.0_80\jre\lib\endorsed"/>
    <property name="os.arch" value="x86"/>
    <property name="surefire.real.class.path" value="C:\Users\ADMINI~1\AppData\Local\Temp\surefirebooter3921564597802739882.jar;C:\\Users\\Administrator\\.m2\\repository\\org\\jacoco\\org.jacoco.agent\\0.7.5.201505241946\\org.jacoco.agent-0.7.5.201505241946-runtime.jar"/>
    <property name="java.io.tmpdir" value="C:\Users\ADMINI~1\AppData\Local\Temp\"/>
    <property name="line.separator" value="
"/>
    <property name="java.vm.specification.vendor" value="Oracle Corporation"/>
    <property name="user.variant" value=""/>
    <property name="os.name" value="Windows 7"/>
    <property name="sun.jnu.encoding" value="GBK"/>
    <property name="java.library.path" value="C:\Program Files (x86)\Java\jdk1.7.0_80\jre\bin;C:\Windows\Sun\Java\bin;C:\Windows\system32;C:\Windows;C:/Program Files (x86)/Java/jre7/bin/client;C:/Program Files (x86)/Java/jre7/bin;C:/Program Files (x86)/Java/jre7/lib/i386;C:\Users\Administrator\AppData\Local\Google\Chrome\Application;C:\Users\Administrator\AppData\Local\Programs\Python\Python37;C:\Users\Administrator\AppData\Local\Programs\Python\Python37\Scripts;C:\Program Files (x86)\Common Files\Oracle\Java\javapath;;E:\adt\adt-bundle-windows-x86_64_20140101\sdk\tools;D:\Program Files (x86)\Appium\node_modules\.bin;D:\Program Files (x86)\adt-bundle-windows-x86-20131030\sdk\platform-tools;D:\Program Files (x86)\adt-bundle-windows-x86-20131030\sdk\tools;C:\Program Files (x86)\Common Files\NetSarang;D:\Program Files (x86)\apache-ant-1.8.2\bin;D:\Program Files (x86)\apache-maven-3.0.4\bin;C:\Program Files\Java\jdk1.8.0_171\bin;d:\oracle\product\10.2.0\client_1\bin;C:\Windows\system32;C:\Windows;C:\Windows\System32\Wbem;C:\Windows\System32\WindowsPowerShell\v1.0\;D:\Program Files\TortoiseSVN\bin;D:\Program Files (x86)\HP\LoadRunner\strawberry-perl\perl\bin;D:\Program Files\nodejs\;D:\Program Files (x86)\PuTTY\;d:\Program Files (x86)\Borland\StarTeam SDK 10.4\Lib;d:\Program Files (x86)\Borland\StarTeam SDK 10.4\Bin;d:\Program Files (x86)\SSH Communications Security\SSH Secure Shell;C:\Users\Administrator\AppData\Roaming\npm;C:\Users\Administrator\AppData\Local\Programs\Fiddler;D:\Program Files\eclipse;;."/>
    <property name="surefire.test.class.path" value="D:\MavenNewWorkspace\MavenTestNgDemo\target\test-classes;D:\MavenNewWorkspace\MavenTestNgDemo\target\classes;C:\Users\Administrator\.m2\repository\junit\junit\4.12\junit-4.12.jar;C:\Users\Administrator\.m2\repository\org\hamcrest\hamcrest-core\1.3\hamcrest-core-1.3.jar;C:\Users\Administrator\.m2\repository\org\testng\testng\6.9.6\testng-6.9.6.jar;C:\Users\Administrator\.m2\repository\com\google\inject\guice\4.0\guice-4.0-no_aop.jar;C:\Users\Administrator\.m2\repository\javax\inject\javax.inject\1\javax.inject-1.jar;C:\Users\Administrator\.m2\repository\aopalliance\aopalliance\1.0\aopalliance-1.0.jar;C:\Users\Administrator\.m2\repository\org\beanshell\bsh\2.0b4\bsh-2.0b4.jar;C:\Users\Administrator\.m2\repository\org\apache\ant\ant\1.7.0\ant-1.7.0.jar;C:\Users\Administrator\.m2\repository\org\apache\ant\ant-launcher\1.7.0\ant-launcher-1.7.0.jar;C:\Users\Administrator\.m2\repository\com\beust\jcommander\1.48\jcommander-1.48.jar;C:\Users\Administrator\.m2\repository\org\yaml\snakeyaml\1.15\snakeyaml-1.15.jar;C:\Users\Administrator\.m2\repository\org\mockito\mockito-all\2.0.2-beta\mockito-all-2.0.2-beta.jar;C:\Users\Administrator\.m2\repository\org\mock-server\mockserver-netty\3.10.4\mockserver-netty-3.10.4.jar;C:\Users\Administrator\.m2\repository\org\mock-server\mockserver-client-java\3.10.4\mockserver-client-java-3.10.4.jar;C:\Users\Administrator\.m2\repository\org\apache\commons\commons-lang3\3.4\commons-lang3-3.4.jar;C:\Users\Administrator\.m2\repository\org\mock-server\mockserver-core\3.10.4\mockserver-core-3.10.4.jar;C:\Users\Administrator\.m2\repository\javax\servlet\javax.servlet-api\3.0.1\javax.servlet-api-3.0.1.jar;C:\Users\Administrator\.m2\repository\io\netty\netty-codec-socks\4.0.34.Final\netty-codec-socks-4.0.34.Final.jar;C:\Users\Administrator\.m2\repository\com\twitter\finagle-native_2.11\6.33.0\finagle-native_2.11-6.33.0.jar;C:\Users\Administrator\.m2\repository\org\scala-lang\scala-library\2.11.7\scala-library-2.11.7.jar;C:\Users\Administrator\.m2\repository\com\twitter\finagle-core_2.11\6.33.0\finagle-core_2.11-6.33.0.jar;C:\Users\Administrator\.m2\repository\com\twitter\util-app_2.11\6.32.0\util-app_2.11-6.32.0.jar;C:\Users\Administrator\.m2\repository\com\twitter\util-cache_2.11\6.32.0\util-cache_2.11-6.32.0.jar;C:\Users\Administrator\.m2\repository\com\twitter\util-codec_2.11\6.32.0\util-codec_2.11-6.32.0.jar;C:\Users\Administrator\.m2\repository\com\twitter\util-collection_2.11\6.32.0\util-collection_2.11-6.32.0.jar;C:\Users\Administrator\.m2\repository\commons-collections\commons-collections\3.2.1\commons-collections-3.2.1.jar;C:\Users\Administrator\.m2\repository\com\twitter\util-core_2.11\6.32.0\util-core_2.11-6.32.0.jar;C:\Users\Administrator\.m2\repository\com\twitter\util-function_2.11\6.32.0\util-function_2.11-6.32.0.jar;C:\Users\Administrator\.m2\repository\org\scala-lang\modules\scala-parser-combinators_2.11\1.0.4\scala-parser-combinators_2.11-1.0.4.jar;C:\Users\Administrator\.m2\repository\com\twitter\util-hashing_2.11\6.32.0\util-hashing_2.11-6.32.0.jar;C:\Users\Administrator\.m2\repository\com\twitter\util-jvm_2.11\6.32.0\util-jvm_2.11-6.32.0.jar;C:\Users\Administrator\.m2\repository\com\twitter\util-lint_2.11\6.32.0\util-lint_2.11-6.32.0.jar;C:\Users\Administrator\.m2\repository\com\twitter\util-logging_2.11\6.32.0\util-logging_2.11-6.32.0.jar;C:\Users\Administrator\.m2\repository\com\twitter\util-registry_2.11\6.32.0\util-registry_2.11-6.32.0.jar;C:\Users\Administrator\.m2\repository\com\twitter\util-stats_2.11\6.32.0\util-stats_2.11-6.32.0.jar;C:\Users\Administrator\.m2\repository\com\twitter\jsr166e\1.0.0\jsr166e-1.0.0.jar;C:\Users\Administrator\.m2\repository\io\netty\netty\3.10.1.Final\netty-3.10.1.Final.jar;C:\Users\Administrator\.m2\repository\com\twitter\finagle-http_2.11\6.33.0\finagle-http_2.11-6.33.0.jar;C:\Users\Administrator\.m2\repository\commons-lang\commons-lang\2.6\commons-lang-2.6.jar;C:\Users\Administrator\.m2\repository\com\jcraft\jzlib\1.1.3\jzlib-1.1.3.jar;C:\Users\Administrator\.m2\repository\org\bouncycastle\bcmail-jdk15on\1.52\bcmail-jdk15on-1.52.jar;C:\Users\Administrator\.m2\repository\org\bouncycastle\bcpkix-jdk15on\1.52\bcpkix-jdk15on-1.52.jar;C:\Users\Administrator\.m2\repository\com\fasterxml\jackson\core\jackson-core\2.5.3\jackson-core-2.5.3.jar;C:\Users\Administrator\.m2\repository\com\fasterxml\jackson\core\jackson-annotations\2.5.3\jackson-annotations-2.5.3.jar;C:\Users\Administrator\.m2\repository\com\fasterxml\jackson\core\jackson-databind\2.5.3\jackson-databind-2.5.3.jar;C:\Users\Administrator\.m2\repository\org\skyscreamer\jsonassert\1.2.3\jsonassert-1.2.3.jar;C:\Users\Administrator\.m2\repository\org\json\json\20090211\json-20090211.jar;C:\Users\Administrator\.m2\repository\com\github\fge\json-schema-validator\2.2.6\json-schema-validator-2.2.6.jar;C:\Users\Administrator\.m2\repository\com\google\code\findbugs\jsr305\3.0.0\jsr305-3.0.0.jar;C:\Users\Administrator\.m2\repository\joda-time\joda-time\2.3\joda-time-2.3.jar;C:\Users\Administrator\.m2\repository\com\googlecode\libphonenumber\libphonenumber\6.2\libphonenumber-6.2.jar;C:\Users\Administrator\.m2\repository\com\github\fge\json-schema-core\1.2.5\json-schema-core-1.2.5.jar;C:\Users\Administrator\.m2\repository\com\github\fge\uri-template\0.9\uri-template-0.9.jar;C:\Users\Administrator\.m2\repository\com\github\fge\msg-simple\1.1\msg-simple-1.1.jar;C:\Users\Administrator\.m2\repository\com\github\fge\btf\1.2\btf-1.2.jar;C:\Users\Administrator\.m2\repository\com\github\fge\jackson-coreutils\1.8\jackson-coreutils-1.8.jar;C:\Users\Administrator\.m2\repository\org\mozilla\rhino\1.7R4\rhino-1.7R4.jar;C:\Users\Administrator\.m2\repository\javax\mail\mailapi\1.4.3\mailapi-1.4.3.jar;C:\Users\Administrator\.m2\repository\javax\activation\activation\1.1\activation-1.1.jar;C:\Users\Administrator\.m2\repository\net\sf\jopt-simple\jopt-simple\4.6\jopt-simple-4.6.jar;C:\Users\Administrator\.m2\repository\xerces\xercesImpl\2.4.0\xercesImpl-2.4.0.jar;C:\Users\Administrator\.m2\repository\org\apache\commons\commons-io\1.3.2\commons-io-1.3.2.jar;C:\Users\Administrator\.m2\repository\io\netty\netty-buffer\4.0.34.Final\netty-buffer-4.0.34.Final.jar;C:\Users\Administrator\.m2\repository\io\netty\netty-codec\4.0.34.Final\netty-codec-4.0.34.Final.jar;C:\Users\Administrator\.m2\repository\io\netty\netty-codec-http\4.0.34.Final\netty-codec-http-4.0.34.Final.jar;C:\Users\Administrator\.m2\repository\io\netty\netty-common\4.0.34.Final\netty-common-4.0.34.Final.jar;C:\Users\Administrator\.m2\repository\io\netty\netty-handler\4.0.34.Final\netty-handler-4.0.34.Final.jar;C:\Users\Administrator\.m2\repository\io\netty\netty-transport\4.0.34.Final\netty-transport-4.0.34.Final.jar;C:\Users\Administrator\.m2\repository\org\bouncycastle\bcprov-jdk15on\1.52\bcprov-jdk15on-1.52.jar;C:\Users\Administrator\.m2\repository\com\google\guava\guava\18.0\guava-18.0.jar;C:\Users\Administrator\.m2\repository\org\slf4j\slf4j-api\1.7.12\slf4j-api-1.7.12.jar;C:\Users\Administrator\.m2\repository\ch\qos\logback\logback-classic\1.1.3\logback-classic-1.1.3.jar;C:\Users\Administrator\.m2\repository\ch\qos\logback\logback-core\1.1.3\logback-core-1.1.3.jar;C:\Users\Administrator\.m2\repository\janino\janino\2.5.10\janino-2.5.10.jar;C:\Users\Administrator\.m2\repository\org\mock-server\mockserver-logging\3.10.4\mockserver-logging-3.10.4.jar;C:\Users\Administrator\.m2\repository\org\apache\httpcomponents\httpclient\4.3.3\httpclient-4.3.3.jar;C:\Users\Administrator\.m2\repository\commons-logging\commons-logging\1.1.3\commons-logging-1.1.3.jar;C:\Users\Administrator\.m2\repository\commons-codec\commons-codec\1.6\commons-codec-1.6.jar;C:\Users\Administrator\.m2\repository\org\apache\httpcomponents\httpcore\4.3.2\httpcore-4.3.2.jar;"/>
    <property name="java.specification.name" value="Java Platform API Specification"/>
    <property name="java.class.version" value="51.0"/>
    <property name="sun.management.compiler" value="HotSpot Client Compiler"/>
    <property name="os.version" value="6.1"/>
    <property name="user.home" value="C:\Users\Administrator"/>
    <property name="user.timezone" value="Asia/Shanghai"/>
    <property name="java.awt.printerjob" value="sun.awt.windows.WPrinterJob"/>
    <property name="java.specification.version" value="1.7"/>
    <property name="file.encoding" value="GBK"/>
    <property name="user.name" value="Administrator"/>
    <property name="java.class.path" value="D:\MavenNewWorkspace\MavenTestNgDemo\target\test-classes;D:\MavenNewWorkspace\MavenTestNgDemo\target\classes;C:\Users\Administrator\.m2\repository\junit\junit\4.12\junit-4.12.jar;C:\Users\Administrator\.m2\repository\org\hamcrest\hamcrest-core\1.3\hamcrest-core-1.3.jar;C:\Users\Administrator\.m2\repository\org\testng\testng\6.9.6\testng-6.9.6.jar;C:\Users\Administrator\.m2\repository\com\google\inject\guice\4.0\guice-4.0-no_aop.jar;C:\Users\Administrator\.m2\repository\javax\inject\javax.inject\1\javax.inject-1.jar;C:\Users\Administrator\.m2\repository\aopalliance\aopalliance\1.0\aopalliance-1.0.jar;C:\Users\Administrator\.m2\repository\org\beanshell\bsh\2.0b4\bsh-2.0b4.jar;C:\Users\Administrator\.m2\repository\org\apache\ant\ant\1.7.0\ant-1.7.0.jar;C:\Users\Administrator\.m2\repository\org\apache\ant\ant-launcher\1.7.0\ant-launcher-1.7.0.jar;C:\Users\Administrator\.m2\repository\com\beust\jcommander\1.48\jcommander-1.48.jar;C:\Users\Administrator\.m2\repository\org\yaml\snakeyaml\1.15\snakeyaml-1.15.jar;C:\Users\Administrator\.m2\repository\org\mockito\mockito-all\2.0.2-beta\mockito-all-2.0.2-beta.jar;C:\Users\Administrator\.m2\repository\org\mock-server\mockserver-netty\3.10.4\mockserver-netty-3.10.4.jar;C:\Users\Administrator\.m2\repository\org\mock-server\mockserver-client-java\3.10.4\mockserver-client-java-3.10.4.jar;C:\Users\Administrator\.m2\repository\org\apache\commons\commons-lang3\3.4\commons-lang3-3.4.jar;C:\Users\Administrator\.m2\repository\org\mock-server\mockserver-core\3.10.4\mockserver-core-3.10.4.jar;C:\Users\Administrator\.m2\repository\javax\servlet\javax.servlet-api\3.0.1\javax.servlet-api-3.0.1.jar;C:\Users\Administrator\.m2\repository\io\netty\netty-codec-socks\4.0.34.Final\netty-codec-socks-4.0.34.Final.jar;C:\Users\Administrator\.m2\repository\com\twitter\finagle-native_2.11\6.33.0\finagle-native_2.11-6.33.0.jar;C:\Users\Administrator\.m2\repository\org\scala-lang\scala-library\2.11.7\scala-library-2.11.7.jar;C:\Users\Administrator\.m2\repository\com\twitter\finagle-core_2.11\6.33.0\finagle-core_2.11-6.33.0.jar;C:\Users\Administrator\.m2\repository\com\twitter\util-app_2.11\6.32.0\util-app_2.11-6.32.0.jar;C:\Users\Administrator\.m2\repository\com\twitter\util-cache_2.11\6.32.0\util-cache_2.11-6.32.0.jar;C:\Users\Administrator\.m2\repository\com\twitter\util-codec_2.11\6.32.0\util-codec_2.11-6.32.0.jar;C:\Users\Administrator\.m2\repository\com\twitter\util-collection_2.11\6.32.0\util-collection_2.11-6.32.0.jar;C:\Users\Administrator\.m2\repository\commons-collections\commons-collections\3.2.1\commons-collections-3.2.1.jar;C:\Users\Administrator\.m2\repository\com\twitter\util-core_2.11\6.32.0\util-core_2.11-6.32.0.jar;C:\Users\Administrator\.m2\repository\com\twitter\util-function_2.11\6.32.0\util-function_2.11-6.32.0.jar;C:\Users\Administrator\.m2\repository\org\scala-lang\modules\scala-parser-combinators_2.11\1.0.4\scala-parser-combinators_2.11-1.0.4.jar;C:\Users\Administrator\.m2\repository\com\twitter\util-hashing_2.11\6.32.0\util-hashing_2.11-6.32.0.jar;C:\Users\Administrator\.m2\repository\com\twitter\util-jvm_2.11\6.32.0\util-jvm_2.11-6.32.0.jar;C:\Users\Administrator\.m2\repository\com\twitter\util-lint_2.11\6.32.0\util-lint_2.11-6.32.0.jar;C:\Users\Administrator\.m2\repository\com\twitter\util-logging_2.11\6.32.0\util-logging_2.11-6.32.0.jar;C:\Users\Administrator\.m2\repository\com\twitter\util-registry_2.11\6.32.0\util-registry_2.11-6.32.0.jar;C:\Users\Administrator\.m2\repository\com\twitter\util-stats_2.11\6.32.0\util-stats_2.11-6.32.0.jar;C:\Users\Administrator\.m2\repository\com\twitter\jsr166e\1.0.0\jsr166e-1.0.0.jar;C:\Users\Administrator\.m2\repository\io\netty\netty\3.10.1.Final\netty-3.10.1.Final.jar;C:\Users\Administrator\.m2\repository\com\twitter\finagle-http_2.11\6.33.0\finagle-http_2.11-6.33.0.jar;C:\Users\Administrator\.m2\repository\commons-lang\commons-lang\2.6\commons-lang-2.6.jar;C:\Users\Administrator\.m2\repository\com\jcraft\jzlib\1.1.3\jzlib-1.1.3.jar;C:\Users\Administrator\.m2\repository\org\bouncycastle\bcmail-jdk15on\1.52\bcmail-jdk15on-1.52.jar;C:\Users\Administrator\.m2\repository\org\bouncycastle\bcpkix-jdk15on\1.52\bcpkix-jdk15on-1.52.jar;C:\Users\Administrator\.m2\repository\com\fasterxml\jackson\core\jackson-core\2.5.3\jackson-core-2.5.3.jar;C:\Users\Administrator\.m2\repository\com\fasterxml\jackson\core\jackson-annotations\2.5.3\jackson-annotations-2.5.3.jar;C:\Users\Administrator\.m2\repository\com\fasterxml\jackson\core\jackson-databind\2.5.3\jackson-databind-2.5.3.jar;C:\Users\Administrator\.m2\repository\org\skyscreamer\jsonassert\1.2.3\jsonassert-1.2.3.jar;C:\Users\Administrator\.m2\repository\org\json\json\20090211\json-20090211.jar;C:\Users\Administrator\.m2\repository\com\github\fge\json-schema-validator\2.2.6\json-schema-validator-2.2.6.jar;C:\Users\Administrator\.m2\repository\com\google\code\findbugs\jsr305\3.0.0\jsr305-3.0.0.jar;C:\Users\Administrator\.m2\repository\joda-time\joda-time\2.3\joda-time-2.3.jar;C:\Users\Administrator\.m2\repository\com\googlecode\libphonenumber\libphonenumber\6.2\libphonenumber-6.2.jar;C:\Users\Administrator\.m2\repository\com\github\fge\json-schema-core\1.2.5\json-schema-core-1.2.5.jar;C:\Users\Administrator\.m2\repository\com\github\fge\uri-template\0.9\uri-template-0.9.jar;C:\Users\Administrator\.m2\repository\com\github\fge\msg-simple\1.1\msg-simple-1.1.jar;C:\Users\Administrator\.m2\repository\com\github\fge\btf\1.2\btf-1.2.jar;C:\Users\Administrator\.m2\repository\com\github\fge\jackson-coreutils\1.8\jackson-coreutils-1.8.jar;C:\Users\Administrator\.m2\repository\org\mozilla\rhino\1.7R4\rhino-1.7R4.jar;C:\Users\Administrator\.m2\repository\javax\mail\mailapi\1.4.3\mailapi-1.4.3.jar;C:\Users\Administrator\.m2\repository\javax\activation\activation\1.1\activation-1.1.jar;C:\Users\Administrator\.m2\repository\net\sf\jopt-simple\jopt-simple\4.6\jopt-simple-4.6.jar;C:\Users\Administrator\.m2\repository\xerces\xercesImpl\2.4.0\xercesImpl-2.4.0.jar;C:\Users\Administrator\.m2\repository\org\apache\commons\commons-io\1.3.2\commons-io-1.3.2.jar;C:\Users\Administrator\.m2\repository\io\netty\netty-buffer\4.0.34.Final\netty-buffer-4.0.34.Final.jar;C:\Users\Administrator\.m2\repository\io\netty\netty-codec\4.0.34.Final\netty-codec-4.0.34.Final.jar;C:\Users\Administrator\.m2\repository\io\netty\netty-codec-http\4.0.34.Final\netty-codec-http-4.0.34.Final.jar;C:\Users\Administrator\.m2\repository\io\netty\netty-common\4.0.34.Final\netty-common-4.0.34.Final.jar;C:\Users\Administrator\.m2\repository\io\netty\netty-handler\4.0.34.Final\netty-handler-4.0.34.Final.jar;C:\Users\Administrator\.m2\repository\io\netty\netty-transport\4.0.34.Final\netty-transport-4.0.34.Final.jar;C:\Users\Administrator\.m2\repository\org\bouncycastle\bcprov-jdk15on\1.52\bcprov-jdk15on-1.52.jar;C:\Users\Administrator\.m2\repository\com\google\guava\guava\18.0\guava-18.0.jar;C:\Users\Administrator\.m2\repository\org\slf4j\slf4j-api\1.7.12\slf4j-api-1.7.12.jar;C:\Users\Administrator\.m2\repository\ch\qos\logback\logback-classic\1.1.3\logback-classic-1.1.3.jar;C:\Users\Administrator\.m2\repository\ch\qos\logback\logback-core\1.1.3\logback-core-1.1.3.jar;C:\Users\Administrator\.m2\repository\janino\janino\2.5.10\janino-2.5.10.jar;C:\Users\Administrator\.m2\repository\org\mock-server\mockserver-logging\3.10.4\mockserver-logging-3.10.4.jar;C:\Users\Administrator\.m2\repository\org\apache\httpcomponents\httpclient\4.3.3\httpclient-4.3.3.jar;C:\Users\Administrator\.m2\repository\commons-logging\commons-logging\1.1.3\commons-logging-1.1.3.jar;C:\Users\Administrator\.m2\repository\commons-codec\commons-codec\1.6\commons-codec-1.6.jar;C:\Users\Administrator\.m2\repository\org\apache\httpcomponents\httpcore\4.3.2\httpcore-4.3.2.jar;"/>
    <property name="java.vm.specification.version" value="1.7"/>
    <property name="sun.arch.data.model" value="32"/>
    <property name="java.home" value="C:\Program Files (x86)\Java\jdk1.7.0_80\jre"/>
    <property name="sun.java.command" value="C:\Users\ADMINI~1\AppData\Local\Temp\surefirebooter3921564597802739882.jar C:\Users\ADMINI~1\AppData\Local\Temp\surefire2732876994169054909tmp C:\Users\ADMINI~1\AppData\Local\Temp\surefire5556842007190312737tmp"/>
    <property name="java.specification.vendor" value="Oracle Corporation"/>
    <property name="user.language" value="zh"/>
    <property name="awt.toolkit" value="sun.awt.windows.WToolkit"/>
    <property name="java.vm.info" value="mixed mode, sharing"/>
    <property name="java.version" value="1.7.0_80"/>
    <property name="java.ext.dirs" value="C:\Program Files (x86)\Java\jdk1.7.0_80\jre\lib\ext;C:\Windows\Sun\Java\lib\ext"/>
    <property name="sun.boot.class.path" value="C:\Program Files (x86)\Java\jdk1.7.0_80\jre\lib\resources.jar;C:\Program Files (x86)\Java\jdk1.7.0_80\jre\lib\rt.jar;C:\Program Files (x86)\Java\jdk1.7.0_80\jre\lib\sunrsasign.jar;C:\Program Files (x86)\Java\jdk1.7.0_80\jre\lib\jsse.jar;C:\Program Files (x86)\Java\jdk1.7.0_80\jre\lib\jce.jar;C:\Program Files (x86)\Java\jdk1.7.0_80\jre\lib\charsets.jar;C:\Program Files (x86)\Java\jdk1.7.0_80\jre\lib\jfr.jar;C:\Program Files (x86)\Java\jdk1.7.0_80\jre\classes"/>
    <property name="java.vendor" value="Oracle Corporation"/>
    <property name="localRepository" value="C:\Users\Administrator\.m2\repository"/>
    <property name="file.separator" value="\"/>
    <property name="java.vendor.url.bug" value="http://bugreport.sun.com/bugreport/"/>
    <property name="sun.cpu.endian" value="little"/>
    <property name="sun.io.unicode.encoding" value="UnicodeLittle"/>
    <property name="sun.desktop" value="windows"/>
    <property name="sun.cpu.isalist" value="pentium_pro+mmx pentium_pro pentium+mmx pentium i486 i386 i86"/>
  </properties>
  <testcase time="0.011" classname="com.guoxin.demo.TestDBConnection" name="runOtherTest6">
    <failure type="java.lang.RuntimeException">java.lang.RuntimeException
	at com.guoxin.demo.TestDBConnection.runOtherTest6(TestDBConnection.java:54)
</failure>
    <system-out>@Test - runOtherTest6
</system-out>
  </testcase>
  <testcase time="0" classname="com.guoxin.demo.TestDBConnection" name="runOtherTest3"/>
  <testcase time="0.001" classname="com.guoxin.demo.TestDBConnection" name="runOtherTest1"/>
  <testcase time="0.002" classname="com.guoxin.demo.TestDBConnection" name="runOtherTest7">
    <skipped/>
  </testcase>
</testsuite>