<?xml version="1.0" encoding="UTF-8"?>
<!-- Generated by org.testng.reporters.JUnitReportReporter -->
<testsuite hostname="PC-20141112ONBO" name="com.guoxin.demo.MavenTestNgDemo.MyTest" tests="1" failures="0" timestamp="16 Nov 2018 06:56:08 GMT" time="0.179" errors="0">
  <testcase name="myTest" time="0.179" classname="com.guoxin.demo.MavenTestNgDemo.MyTest"/>
</testsuite> <!-- com.guoxin.demo.MavenTestNgDemo.MyTest -->
