<?xml version="1.0" encoding="UTF-8"?>
<!-- Generated by org.testng.reporters.JUnitReportReporter -->
<testsuite hostname="PC-20141112ONBO" name="com.guoxin.demo.MavenTestNgDemo.TestHelloWorld" tests="2" failures="0" timestamp="26 Nov 2018 03:22:13 GMT" time="0.035" errors="0">
  <testcase name="f2" time="0.002" classname="com.guoxin.demo.MavenTestNgDemo.TestHelloWorld"/>
  <testcase name="f1" time="0.033" classname="com.guoxin.demo.MavenTestNgDemo.TestHelloWorld"/>
</testsuite> <!-- com.guoxin.demo.MavenTestNgDemo.TestHelloWorld -->
