<?xml version="1.0" encoding="UTF-8"?>
<!-- Generated by org.testng.reporters.JUnitReportReporter -->
<testsuite hostname="PC-20141112ONBO" name="com.guoxin.demo.LessonTgThread1" tests="22" failures="0" timestamp="29 Nov 2018 08:38:42 GMT" time="0.167" errors="0">
  <testcase name="test1" time="0.021" classname="com.guoxin.demo.LessonTgThread1"/>
  <testcase name="test1" time="0.004" classname="com.guoxin.demo.LessonTgThread1"/>
  <testcase name="test1" time="0.009" classname="com.guoxin.demo.LessonTgThread1"/>
  <testcase name="test1" time="0.011" classname="com.guoxin.demo.LessonTgThread1"/>
  <testcase name="test1" time="0.018" classname="com.guoxin.demo.LessonTgThread1"/>
  <testcase name="test2" time="0.007" classname="com.guoxin.demo.LessonTgThread1"/>
  <testcase name="test1" time="0.003" classname="com.guoxin.demo.LessonTgThread1"/>
  <testcase name="test1" time="0.009" classname="com.guoxin.demo.LessonTgThread1"/>
  <testcase name="test1" time="0.006" classname="com.guoxin.demo.LessonTgThread1"/>
  <testcase name="test1" time="0.003" classname="com.guoxin.demo.LessonTgThread1"/>
  <testcase name="test1" time="0.001" classname="com.guoxin.demo.LessonTgThread1"/>
  <testcase name="test3" time="0.001" classname="com.guoxin.demo.LessonTgThread1"/>
  <testcase name="test1" time="0.007" classname="com.guoxin.demo.LessonTgThread1"/>
  <testcase name="test1" time="0.014" classname="com.guoxin.demo.LessonTgThread1"/>
  <testcase name="test1" time="0.007" classname="com.guoxin.demo.LessonTgThread1"/>
  <testcase name="test1" time="0.010" classname="com.guoxin.demo.LessonTgThread1"/>
  <testcase name="test1" time="0.005" classname="com.guoxin.demo.LessonTgThread1"/>
  <testcase name="test1" time="0.003" classname="com.guoxin.demo.LessonTgThread1"/>
  <testcase name="test1" time="0.008" classname="com.guoxin.demo.LessonTgThread1"/>
  <testcase name="test1" time="0.005" classname="com.guoxin.demo.LessonTgThread1"/>
  <testcase name="test1" time="0.005" classname="com.guoxin.demo.LessonTgThread1"/>
  <testcase name="test1" time="0.010" classname="com.guoxin.demo.LessonTgThread1"/>
</testsuite> <!-- com.guoxin.demo.LessonTgThread1 -->
