<?xml version="1.0" encoding="UTF-8"?>
<!-- Generated by org.testng.reporters.JUnitReportReporter -->
<testsuite hostname="PC-20141112ONBO" name="com.guoxin.demo.LessonTgThread2" tests="3" failures="0" timestamp="29 Nov 2018 08:34:59 GMT" time="0.019" errors="0">
  <testcase name="t1" time="0.004" classname="com.guoxin.demo.LessonTgThread2"/>
  <testcase name="t2" time="0.003" classname="com.guoxin.demo.LessonTgThread2"/>
  <testcase name="t3" time="0.012" classname="com.guoxin.demo.LessonTgThread2"/>
</testsuite> <!-- com.guoxin.demo.LessonTgThread2 -->
