<?xml version="1.0" encoding="UTF-8"?>
<!-- Generated by org.testng.reporters.JUnitReportReporter -->
<testsuite hostname="PC-20141112ONBO" name="com.guoxin.demo.LessonAnotation" tests="3" failures="0" timestamp="28 Nov 2018 08:57:24 GMT" time="0.013" errors="0">
  <testcase name="testCase1" time="0.008" classname="com.guoxin.demo.LessonAnotation"/>
  <testcase name="testCase2" time="0.002" classname="com.guoxin.demo.LessonAnotation"/>
  <testcase name="testCase3" time="0.003" classname="com.guoxin.demo.LessonAnotation"/>
</testsuite> <!-- com.guoxin.demo.LessonAnotation -->
